<?xml version="1.0" encoding="UTF-8"?>
<coverage generated="1742955148402" clover="3.2.0">
  <project timestamp="1742955148402" name="All files">
    <metrics statements="147" coveredstatements="93" conditionals="75" coveredconditionals="16" methods="53" coveredmethods="39" elements="275" coveredelements="148" complexity="0" loc="147" ncloc="147" packages="9" files="16" classes="16"/>
    <package name="src">
      <metrics statements="2" coveredstatements="0" conditionals="0" coveredconditionals="0" methods="1" coveredmethods="0"/>
      <file name="App.tsx" path="C:\Users\magal\Desktop\PROJETOS\DESAFIO\teste e documentacao\desafio\src\App.tsx">
        <metrics statements="1" coveredstatements="0" conditionals="0" coveredconditionals="0" methods="1" coveredmethods="0"/>
        <line num="11" count="0" type="stmt"/>
      </file>
      <file name="main.tsx" path="C:\Users\magal\Desktop\PROJETOS\DESAFIO\teste e documentacao\desafio\src\main.tsx">
        <metrics statements="1" coveredstatements="0" conditionals="0" coveredconditionals="0" methods="0" coveredmethods="0"/>
        <line num="9" count="0" type="stmt"/>
      </file>
    </package>
    <package name="src.Components.BackButton">
      <metrics statements="3" coveredstatements="2" conditionals="1" coveredconditionals="0" methods="2" coveredmethods="1"/>
      <file name="BackButton.tsx" path="C:\Users\magal\Desktop\PROJETOS\DESAFIO\teste e documentacao\desafio\src\Components\BackButton\BackButton.tsx">
        <metrics statements="3" coveredstatements="2" conditionals="1" coveredconditionals="0" methods="2" coveredmethods="1"/>
        <line num="4" count="9" type="stmt"/>
        <line num="6" count="9" type="stmt"/>
        <line num="11" count="0" type="stmt"/>
      </file>
    </package>
    <package name="src.Components.ChangeOrderAndSortButton">
      <metrics statements="4" coveredstatements="2" conditionals="0" coveredconditionals="0" methods="2" coveredmethods="1"/>
      <file name="ChangeOrderAndSortButton.tsx" path="C:\Users\magal\Desktop\PROJETOS\DESAFIO\teste e documentacao\desafio\src\Components\ChangeOrderAndSortButton\ChangeOrderAndSortButton.tsx">
        <metrics statements="4" coveredstatements="2" conditionals="0" coveredconditionals="0" methods="2" coveredmethods="1"/>
        <line num="13" count="7" type="stmt"/>
        <line num="15" count="7" type="stmt"/>
        <line num="20" count="0" type="stmt"/>
        <line num="21" count="0" type="stmt"/>
      </file>
    </package>
    <package name="src.Components.ChangePage">
      <metrics statements="11" coveredstatements="7" conditionals="4" coveredconditionals="0" methods="5" coveredmethods="3"/>
      <file name="ChangePage.tsx" path="C:\Users\magal\Desktop\PROJETOS\DESAFIO\teste e documentacao\desafio\src\Components\ChangePage\ChangePage.tsx">
        <metrics statements="11" coveredstatements="7" conditionals="4" coveredconditionals="0" methods="5" coveredmethods="3"/>
        <line num="6" count="6" type="stmt"/>
        <line num="7" count="2" type="stmt"/>
        <line num="8" count="6" type="stmt"/>
        <line num="10" count="2" type="stmt"/>
        <line num="12" count="2" type="stmt"/>
        <line num="13" count="0" type="cond" truecount="0" falsecount="2"/>
        <line num="14" count="0" type="stmt"/>
        <line num="18" count="2" type="stmt"/>
        <line num="19" count="0" type="cond" truecount="0" falsecount="2"/>
        <line num="20" count="0" type="stmt"/>
        <line num="24" count="2" type="stmt"/>
      </file>
    </package>
    <package name="src.Components.FieldInformation">
      <metrics statements="1" coveredstatements="1" conditionals="0" coveredconditionals="0" methods="1" coveredmethods="1"/>
      <file name="FieldInformation.tsx" path="C:\Users\magal\Desktop\PROJETOS\DESAFIO\teste e documentacao\desafio\src\Components\FieldInformation\FieldInformation.tsx">
        <metrics statements="1" coveredstatements="1" conditionals="0" coveredconditionals="0" methods="1" coveredmethods="1"/>
        <line num="2" count="10" type="stmt"/>
      </file>
    </package>
    <package name="src.Components.Loading">
      <metrics statements="3" coveredstatements="2" conditionals="0" coveredconditionals="0" methods="2" coveredmethods="1"/>
      <file name="Loading.tsx" path="C:\Users\magal\Desktop\PROJETOS\DESAFIO\teste e documentacao\desafio\src\Components\Loading\Loading.tsx">
        <metrics statements="3" coveredstatements="2" conditionals="0" coveredconditionals="0" methods="2" coveredmethods="1"/>
        <line num="5" count="1" type="stmt"/>
        <line num="6" count="1" type="stmt"/>
        <line num="16" count="0" type="stmt"/>
      </file>
    </package>
    <package name="src.Components.Navbar">
      <metrics statements="1" coveredstatements="1" conditionals="0" coveredconditionals="0" methods="1" coveredmethods="1"/>
      <file name="Navbar.tsx" path="C:\Users\magal\Desktop\PROJETOS\DESAFIO\teste e documentacao\desafio\src\Components\Navbar\Navbar.tsx">
        <metrics statements="1" coveredstatements="1" conditionals="0" coveredconditionals="0" methods="1" coveredmethods="1"/>
        <line num="7" count="11" type="stmt"/>
      </file>
    </package>
    <package name="src.Hook">
      <metrics statements="66" coveredstatements="31" conditionals="40" coveredconditionals="1" methods="16" coveredmethods="12"/>
      <file name="useFetchRepositories.tsx" path="C:\Users\magal\Desktop\PROJETOS\DESAFIO\teste e documentacao\desafio\src\Hook\useFetchRepositories.tsx">
        <metrics statements="20" coveredstatements="7" conditionals="10" coveredconditionals="0" methods="5" coveredmethods="3"/>
        <line num="13" count="3" type="stmt"/>
        <line num="15" count="1" type="stmt"/>
        <line num="16" count="1" type="stmt"/>
        <line num="17" count="1" type="stmt"/>
        <line num="18" count="1" type="stmt"/>
        <line num="22" count="0" type="cond" truecount="0" falsecount="2"/>
        <line num="23" count="0" type="cond" truecount="0" falsecount="2"/>
        <line num="29" count="0" type="stmt"/>
        <line num="35" count="0" type="stmt"/>
        <line num="43" count="0" type="stmt"/>
        <line num="44" count="0" type="stmt"/>
        <line num="46" count="0" type="stmt"/>
        <line num="50" count="0" type="stmt"/>
        <line num="51" count="0" type="stmt"/>
        <line num="54" count="0" type="stmt"/>
        <line num="56" count="0" type="stmt"/>
        <line num="57" count="0" type="stmt"/>
        <line num="58" count="0" type="stmt"/>
        <line num="61" count="1" type="stmt"/>
        <line num="70" count="1" type="cond" truecount="0" falsecount="2"/>
      </file>
      <file name="useFetchRepository.tsx" path="C:\Users\magal\Desktop\PROJETOS\DESAFIO\teste e documentacao\desafio\src\Hook\useFetchRepository.tsx">
        <metrics statements="22" coveredstatements="12" conditionals="12" coveredconditionals="0" methods="6" coveredmethods="5"/>
        <line num="10" count="1" type="stmt"/>
        <line num="11" count="3" type="stmt"/>
        <line num="12" count="9" type="stmt"/>
        <line num="13" count="9" type="stmt"/>
        <line num="14" count="3" type="stmt"/>
        <line num="15" count="3" type="stmt"/>
        <line num="17" count="1" type="stmt"/>
        <line num="18" count="1" type="stmt"/>
        <line num="19" count="1" type="stmt"/>
        <line num="20" count="1" type="stmt"/>
        <line num="21" count="0" type="stmt"/>
        <line num="22" count="0" type="cond" truecount="0" falsecount="2"/>
        <line num="23" count="0" type="stmt"/>
        <line num="36" count="0" type="stmt"/>
        <line num="38" count="0" type="stmt"/>
        <line num="39" count="0" type="stmt"/>
        <line num="42" count="0" type="stmt"/>
        <line num="43" count="0" type="stmt"/>
        <line num="44" count="0" type="stmt"/>
        <line num="46" count="0" type="stmt"/>
        <line num="48" count="1" type="stmt"/>
        <line num="57" count="1" type="cond" truecount="0" falsecount="2"/>
      </file>
      <file name="useFetchUser.tsx" path="C:\Users\magal\Desktop\PROJETOS\DESAFIO\teste e documentacao\desafio\src\Hook\useFetchUser.tsx">
        <metrics statements="24" coveredstatements="12" conditionals="18" coveredconditionals="1" methods="5" coveredmethods="4"/>
        <line num="12" count="1" type="stmt"/>
        <line num="13" count="3" type="stmt"/>
        <line num="14" count="10" type="stmt"/>
        <line num="15" count="3" type="stmt"/>
        <line num="16" count="3" type="stmt"/>
        <line num="18" count="1" type="stmt"/>
        <line num="19" count="1" type="stmt"/>
        <line num="20" count="1" type="cond" truecount="1" falsecount="1"/>
        <line num="21" count="1" type="stmt"/>
        <line num="22" count="1" type="stmt"/>
        <line num="24" count="0" type="cond" truecount="0" falsecount="2"/>
        <line num="26" count="0" type="stmt"/>
        <line num="38" count="0" type="stmt"/>
        <line num="39" count="0" type="stmt"/>
        <line num="41" count="0" type="stmt"/>
        <line num="45" count="0" type="stmt"/>
        <line num="46" count="0" type="stmt"/>
        <line num="47" count="0" type="stmt"/>
        <line num="50" count="0" type="stmt"/>
        <line num="52" count="0" type="stmt"/>
        <line num="53" count="0" type="stmt"/>
        <line num="54" count="0" type="stmt"/>
        <line num="57" count="1" type="stmt"/>
        <line num="66" count="1" type="cond" truecount="0" falsecount="2"/>
      </file>
    </package>
    <package name="src.Pages">
      <metrics statements="56" coveredstatements="47" conditionals="30" coveredconditionals="15" methods="23" coveredmethods="19"/>
      <file name="ErrorPage.tsx" path="C:\Users\magal\Desktop\PROJETOS\DESAFIO\teste e documentacao\desafio\src\Pages\ErrorPage.tsx">
        <metrics statements="7" coveredstatements="7" conditionals="0" coveredconditionals="0" methods="3" coveredmethods="3"/>
        <line num="11" count="5" type="stmt"/>
        <line num="12" count="17" type="stmt"/>
        <line num="14" count="5" type="stmt"/>
        <line num="15" count="3" type="stmt"/>
        <line num="16" count="3" type="stmt"/>
        <line num="17" count="3" type="stmt"/>
        <line num="20" count="5" type="stmt"/>
      </file>
      <file name="Home.tsx" path="C:\Users\magal\Desktop\PROJETOS\DESAFIO\teste e documentacao\desafio\src\Pages\Home.tsx">
        <metrics statements="14" coveredstatements="10" conditionals="4" coveredconditionals="2" methods="5" coveredmethods="3"/>
        <line num="14" count="5" type="stmt"/>
        <line num="15" count="1" type="stmt"/>
        <line num="16" count="1" type="stmt"/>
        <line num="18" count="1" type="stmt"/>
        <line num="19" count="0" type="stmt"/>
        <line num="20" count="0" type="cond" truecount="0" falsecount="2"/>
        <line num="21" count="0" type="stmt"/>
        <line num="25" count="1" type="stmt"/>
        <line num="26" count="1" type="stmt"/>
        <line num="27" count="1" type="stmt"/>
        <line num="28" count="1" type="stmt"/>
        <line num="29" count="1" type="stmt"/>
        <line num="32" count="1" type="stmt"/>
        <line num="47" count="0" type="stmt"/>
      </file>
      <file name="NotFoundPage.tsx" path="C:\Users\magal\Desktop\PROJETOS\DESAFIO\teste e documentacao\desafio\src\Pages\NotFoundPage.tsx">
        <metrics statements="7" coveredstatements="7" conditionals="0" coveredconditionals="0" methods="2" coveredmethods="2"/>
        <line num="10" count="1" type="stmt"/>
        <line num="12" count="1" type="stmt"/>
        <line num="13" count="1" type="stmt"/>
        <line num="14" count="1" type="stmt"/>
        <line num="15" count="1" type="stmt"/>
        <line num="16" count="1" type="stmt"/>
        <line num="19" count="1" type="stmt"/>
      </file>
      <file name="Repository.tsx" path="C:\Users\magal\Desktop\PROJETOS\DESAFIO\teste e documentacao\desafio\src\Pages\Repository.tsx">
        <metrics statements="8" coveredstatements="7" conditionals="10" coveredconditionals="6" methods="3" coveredmethods="3"/>
        <line num="10" count="3" type="stmt"/>
        <line num="11" count="9" type="stmt"/>
        <line num="12" count="9" type="stmt"/>
        <line num="13" count="3" type="cond" truecount="2" falsecount="0"/>
        <line num="14" count="1" type="stmt"/>
        <line num="67" count="2" type="cond" truecount="1" falsecount="1"/>
        <line num="68" count="2" type="stmt"/>
        <line num="74" count="0" type="stmt"/>
      </file>
      <file name="User.tsx" path="C:\Users\magal\Desktop\PROJETOS\DESAFIO\teste e documentacao\desafio\src\Pages\User.tsx">
        <metrics statements="20" coveredstatements="16" conditionals="16" coveredconditionals="7" methods="10" coveredmethods="8"/>
        <line num="17" count="3" type="stmt"/>
        <line num="18" count="10" type="stmt"/>
        <line num="19" count="10" type="stmt"/>
        <line num="20" count="10" type="stmt"/>
        <line num="21" count="10" type="stmt"/>
        <line num="22" count="10" type="stmt"/>
        <line num="23" count="10" type="stmt"/>
        <line num="24" count="3" type="stmt"/>
        <line num="25" count="3" type="stmt"/>
        <line num="27" count="3" type="stmt"/>
        <line num="28" count="1" type="stmt"/>
        <line num="31" count="3" type="stmt"/>
        <line num="33" count="3" type="cond" truecount="2" falsecount="0"/>
        <line num="34" count="1" type="stmt"/>
        <line num="143" count="0" type="stmt"/>
        <line num="146" count="0" type="stmt"/>
        <line num="147" count="0" type="stmt"/>
        <line num="183" count="2" type="cond" truecount="1" falsecount="1"/>
        <line num="184" count="2" type="stmt"/>
        <line num="188" count="0" type="stmt"/>
      </file>
    </package>
  </project>
</coverage>
