{"C:\\Users\\magal\\Desktop\\PROJETOS\\DESAFIO\\desafio\\src\\App.tsx": {"path":"C:\\Users\\magal\\Desktop\\PROJETOS\\DESAFIO\\desafio\\src\\App.tsx","statementMap":{"0":{"start":{"line":5,"column":2},"end":{"line":9,"column":3}}},"fnMap":{"0":{"name":"App","decl":{"start":{"line":4,"column":9},"end":{"line":4,"column":12}},"loc":{"start":{"line":4,"column":15},"end":{"line":10,"column":1}},"line":4}},"branchMap":{},"s":{"0":0},"f":{"0":0},"b":{}}
,"C:\\Users\\magal\\Desktop\\PROJETOS\\DESAFIO\\desafio\\src\\main.tsx": {"path":"C:\\Users\\magal\\Desktop\\PROJETOS\\DESAFIO\\desafio\\src\\main.tsx","statementMap":{"0":{"start":{"line":6,"column":0},"end":{"line":10,"column":1}}},"fnMap":{},"branchMap":{},"s":{"0":0},"f":{},"b":{}}
,"C:\\Users\\magal\\Desktop\\PROJETOS\\DESAFIO\\desafio\\src\\vite-env.d.ts": {"path":"C:\\Users\\magal\\Desktop\\PROJETOS\\DESAFIO\\desafio\\src\\vite-env.d.ts","statementMap":{},"fnMap":{},"branchMap":{},"s":{},"f":{},"b":{}}
,"C:\\Users\\magal\\Desktop\\PROJETOS\\DESAFIO\\desafio\\src\\Components\\Button\\Button.tsx": {"path":"C:\\Users\\magal\\Desktop\\PROJETOS\\DESAFIO\\desafio\\src\\Components\\Button\\Button.tsx","statementMap":{"0":{"start":{"line":3,"column":4},"end":{"line":5,"column":8}}},"fnMap":{"0":{"name":"Button","decl":{"start":{"line":1,"column":24},"end":{"line":1,"column":30}},"loc":{"start":{"line":1,"column":33},"end":{"line":6,"column":1}},"line":1}},"branchMap":{},"s":{"0":1},"f":{"0":1},"b":{},"_coverageSchema":"1a1c01bbd47fc00a2c39e90264f33305004495a9","hash":"44c8adc5e0e91dd947418348e134da5018266ea0"}
}
