{"C:\\Users\\magal\\Desktop\\PROJETOS\\DESAFIO\\teste e documentacao\\desafio\\src\\App.tsx": {"path":"C:\\Users\\magal\\Desktop\\PROJETOS\\DESAFIO\\teste e documentacao\\desafio\\src\\App.tsx","statementMap":{"0":{"start":{"line":11,"column":2},"end":{"line":21,"column":3}}},"fnMap":{"0":{"name":"App","decl":{"start":{"line":10,"column":9},"end":{"line":10,"column":12}},"loc":{"start":{"line":10,"column":15},"end":{"line":22,"column":1}},"line":10}},"branchMap":{},"s":{"0":0},"f":{"0":0},"b":{}}
,"C:\\Users\\magal\\Desktop\\PROJETOS\\DESAFIO\\teste e documentacao\\desafio\\src\\main.tsx": {"path":"C:\\Users\\magal\\Desktop\\PROJETOS\\DESAFIO\\teste e documentacao\\desafio\\src\\main.tsx","statementMap":{"0":{"start":{"line":9,"column":0},"end":{"line":13,"column":1}}},"fnMap":{},"branchMap":{},"s":{"0":0},"f":{},"b":{}}
,"C:\\Users\\magal\\Desktop\\PROJETOS\\DESAFIO\\teste e documentacao\\desafio\\src\\Components\\BackButton\\BackButton.tsx": {"path":"C:\\Users\\magal\\Desktop\\PROJETOS\\DESAFIO\\teste e documentacao\\desafio\\src\\Components\\BackButton\\BackButton.tsx","statementMap":{"0":{"start":{"line":4,"column":19},"end":{"line":4,"column":32}},"1":{"start":{"line":6,"column":2},"end":{"line":16,"column":4}},"2":{"start":{"line":11,"column":8},"end":{"line":11,"column":23}}},"fnMap":{"0":{"name":"BackButton","decl":{"start":{"line":3,"column":24},"end":{"line":3,"column":34}},"loc":{"start":{"line":3,"column":69},"end":{"line":17,"column":1}},"line":3},"1":{"name":"(anonymous_1)","decl":{"start":{"line":10,"column":15},"end":{"line":10,"column":16}},"loc":{"start":{"line":10,"column":21},"end":{"line":12,"column":7}},"line":10}},"branchMap":{"0":{"loc":{"start":{"line":3,"column":37},"end":{"line":3,"column":47}},"type":"default-arg","locations":[{"start":{"line":3,"column":44},"end":{"line":3,"column":47}}],"line":3}},"s":{"0":9,"1":9,"2":0},"f":{"0":9,"1":0},"b":{"0":[0]},"_coverageSchema":"1a1c01bbd47fc00a2c39e90264f33305004495a9","hash":"3ceabd3a2b2d16a0ec54acf8ec1b782886d7751e"}
,"C:\\Users\\magal\\Desktop\\PROJETOS\\DESAFIO\\teste e documentacao\\desafio\\src\\Components\\ChangeOrderAndSortButton\\ChangeOrderAndSortButton.tsx": {"path":"C:\\Users\\magal\\Desktop\\PROJETOS\\DESAFIO\\teste e documentacao\\desafio\\src\\Components\\ChangeOrderAndSortButton\\ChangeOrderAndSortButton.tsx","statementMap":{"0":{"start":{"line":13,"column":19},"end":{"line":13,"column":32}},"1":{"start":{"line":15,"column":2},"end":{"line":26,"column":4}},"2":{"start":{"line":20,"column":8},"end":{"line":20,"column":32}},"3":{"start":{"line":21,"column":8},"end":{"line":21,"column":34}}},"fnMap":{"0":{"name":"ChangeOrderAndSortButton","decl":{"start":{"line":4,"column":24},"end":{"line":4,"column":48}},"loc":{"start":{"line":12,"column":3},"end":{"line":27,"column":1}},"line":12},"1":{"name":"(anonymous_1)","decl":{"start":{"line":19,"column":15},"end":{"line":19,"column":16}},"loc":{"start":{"line":19,"column":21},"end":{"line":22,"column":7}},"line":19}},"branchMap":{},"s":{"0":7,"1":7,"2":0,"3":0},"f":{"0":7,"1":0},"b":{},"_coverageSchema":"1a1c01bbd47fc00a2c39e90264f33305004495a9","hash":"e6d25dd4b78b7d747926379d74e71b33de5965bd"}
,"C:\\Users\\magal\\Desktop\\PROJETOS\\DESAFIO\\teste e documentacao\\desafio\\src\\Components\\ChangePage\\ChangePage.tsx": {"path":"C:\\Users\\magal\\Desktop\\PROJETOS\\DESAFIO\\teste e documentacao\\desafio\\src\\Components\\ChangePage\\ChangePage.tsx","statementMap":{"0":{"start":{"line":6,"column":15},"end":{"line":6,"column":74}},"1":{"start":{"line":6,"column":49},"end":{"line":6,"column":73}},"2":{"start":{"line":7,"column":20},"end":{"line":9,"column":3}},"3":{"start":{"line":8,"column":26},"end":{"line":8,"column":55}},"4":{"start":{"line":10,"column":19},"end":{"line":10,"column":32}},"5":{"start":{"line":12,"column":29},"end":{"line":16,"column":3}},"6":{"start":{"line":13,"column":4},"end":{"line":15,"column":5}},"7":{"start":{"line":14,"column":6},"end":{"line":14,"column":34}},"8":{"start":{"line":18,"column":25},"end":{"line":22,"column":3}},"9":{"start":{"line":19,"column":4},"end":{"line":21,"column":5}},"10":{"start":{"line":20,"column":6},"end":{"line":20,"column":34}},"11":{"start":{"line":24,"column":2},"end":{"line":44,"column":4}}},"fnMap":{"0":{"name":"ChangePage","decl":{"start":{"line":5,"column":24},"end":{"line":5,"column":34}},"loc":{"start":{"line":5,"column":37},"end":{"line":45,"column":1}},"line":5},"1":{"name":"(anonymous_1)","decl":{"start":{"line":6,"column":27},"end":{"line":6,"column":28}},"loc":{"start":{"line":6,"column":49},"end":{"line":6,"column":73}},"line":6},"2":{"name":"(anonymous_2)","decl":{"start":{"line":8,"column":4},"end":{"line":8,"column":5}},"loc":{"start":{"line":8,"column":26},"end":{"line":8,"column":55}},"line":8},"3":{"name":"(anonymous_3)","decl":{"start":{"line":12,"column":29},"end":{"line":12,"column":30}},"loc":{"start":{"line":12,"column":35},"end":{"line":16,"column":3}},"line":12},"4":{"name":"(anonymous_4)","decl":{"start":{"line":18,"column":25},"end":{"line":18,"column":26}},"loc":{"start":{"line":18,"column":31},"end":{"line":22,"column":3}},"line":18}},"branchMap":{"0":{"loc":{"start":{"line":13,"column":4},"end":{"line":15,"column":5}},"type":"if","locations":[{"start":{"line":13,"column":4},"end":{"line":15,"column":5}},{"start":{},"end":{}}],"line":13},"1":{"loc":{"start":{"line":19,"column":4},"end":{"line":21,"column":5}},"type":"if","locations":[{"start":{"line":19,"column":4},"end":{"line":21,"column":5}},{"start":{},"end":{}}],"line":19}},"s":{"0":2,"1":6,"2":2,"3":6,"4":2,"5":2,"6":0,"7":0,"8":2,"9":0,"10":0,"11":2},"f":{"0":2,"1":6,"2":6,"3":0,"4":0},"b":{"0":[0,0],"1":[0,0]},"_coverageSchema":"1a1c01bbd47fc00a2c39e90264f33305004495a9","hash":"1dd73a306bf1d67b9ffdc6e85c3ff7310ad7ee31"}
,"C:\\Users\\magal\\Desktop\\PROJETOS\\DESAFIO\\teste e documentacao\\desafio\\src\\Components\\FieldInformation\\FieldInformation.tsx": {"path":"C:\\Users\\magal\\Desktop\\PROJETOS\\DESAFIO\\teste e documentacao\\desafio\\src\\Components\\FieldInformation\\FieldInformation.tsx","statementMap":{"0":{"start":{"line":2,"column":2},"end":{"line":7,"column":4}}},"fnMap":{"0":{"name":"FieldInformation","decl":{"start":{"line":1,"column":24},"end":{"line":1,"column":40}},"loc":{"start":{"line":1,"column":100},"end":{"line":8,"column":1}},"line":1}},"branchMap":{},"s":{"0":10},"f":{"0":10},"b":{},"_coverageSchema":"1a1c01bbd47fc00a2c39e90264f33305004495a9","hash":"bc538c8f02479bbb61d2a434fa669e6b29a2d9ae"}
,"C:\\Users\\magal\\Desktop\\PROJETOS\\DESAFIO\\teste e documentacao\\desafio\\src\\Components\\Loading\\Loading.tsx": {"path":"C:\\Users\\magal\\Desktop\\PROJETOS\\DESAFIO\\teste e documentacao\\desafio\\src\\Components\\Loading\\Loading.tsx","statementMap":{"0":{"start":{"line":5,"column":19},"end":{"line":5,"column":32}},"1":{"start":{"line":6,"column":2},"end":{"line":25,"column":4}},"2":{"start":{"line":16,"column":29},"end":{"line":16,"column":42}}},"fnMap":{"0":{"name":"Loading","decl":{"start":{"line":4,"column":24},"end":{"line":4,"column":31}},"loc":{"start":{"line":4,"column":34},"end":{"line":26,"column":1}},"line":4},"1":{"name":"(anonymous_1)","decl":{"start":{"line":16,"column":23},"end":{"line":16,"column":24}},"loc":{"start":{"line":16,"column":29},"end":{"line":16,"column":42}},"line":16}},"branchMap":{},"s":{"0":1,"1":1,"2":0},"f":{"0":1,"1":0},"b":{},"_coverageSchema":"1a1c01bbd47fc00a2c39e90264f33305004495a9","hash":"3d9c78c9ad6236e8ecac052e9e28ed40d30626d5"}
,"C:\\Users\\magal\\Desktop\\PROJETOS\\DESAFIO\\teste e documentacao\\desafio\\src\\Components\\Navbar\\Navbar.tsx": {"path":"C:\\Users\\magal\\Desktop\\PROJETOS\\DESAFIO\\teste e documentacao\\desafio\\src\\Components\\Navbar\\Navbar.tsx","statementMap":{"0":{"start":{"line":7,"column":4},"end":{"line":13,"column":5}}},"fnMap":{"0":{"name":"NavBar","decl":{"start":{"line":3,"column":25},"end":{"line":3,"column":31}},"loc":{"start":{"line":3,"column":59},"end":{"line":15,"column":1}},"line":3}},"branchMap":{},"s":{"0":11},"f":{"0":11},"b":{},"_coverageSchema":"1a1c01bbd47fc00a2c39e90264f33305004495a9","hash":"be0a2d74ab640fbb5375f7a2018fc1d1266b2604"}
,"C:\\Users\\magal\\Desktop\\PROJETOS\\DESAFIO\\teste e documentacao\\desafio\\src\\Hook\\useFetchRepositories.tsx": {"path":"C:\\Users\\magal\\Desktop\\PROJETOS\\DESAFIO\\teste e documentacao\\desafio\\src\\Hook\\useFetchRepositories.tsx","statementMap":{"0":{"start":{"line":13,"column":4},"end":{"line":62,"column":56}},"1":{"start":{"line":15,"column":10},"end":{"line":15,"column":37}},"2":{"start":{"line":16,"column":10},"end":{"line":16,"column":33}},"3":{"start":{"line":17,"column":10},"end":{"line":59,"column":11}},"4":{"start":{"line":18,"column":29},"end":{"line":20,"column":13}},"5":{"start":{"line":22,"column":12},"end":{"line":53,"column":13}},"6":{"start":{"line":23,"column":14},"end":{"line":52,"column":15}},"7":{"start":{"line":29,"column":32},"end":{"line":41,"column":17}},"8":{"start":{"line":35,"column":45},"end":{"line":40,"column":19}},"9":{"start":{"line":43,"column":16},"end":{"line":43,"column":55}},"10":{"start":{"line":44,"column":16},"end":{"line":44,"column":82}},"11":{"start":{"line":46,"column":36},"end":{"line":49,"column":18}},"12":{"start":{"line":50,"column":16},"end":{"line":50,"column":66}},"13":{"start":{"line":51,"column":16},"end":{"line":51,"column":30}},"14":{"start":{"line":54,"column":12},"end":{"line":54,"column":40}},"15":{"start":{"line":56,"column":32},"end":{"line":56,"column":88}},"16":{"start":{"line":57,"column":12},"end":{"line":57,"column":62}},"17":{"start":{"line":58,"column":12},"end":{"line":58,"column":31}},"18":{"start":{"line":61,"column":8},"end":{"line":61,"column":14}},"19":{"start":{"line":70,"column":85},"end":{"line":70,"column":40286}},"20":{"start":{"line":70,"column":89},"end":{"line":70,"column":40275}},"21":{"start":{"line":70,"column":40401},"end":{"line":70,"column":40407}},"22":{"start":{"line":70,"column":40522},"end":{"line":70,"column":40528}},"23":{"start":{"line":70,"column":40643},"end":{"line":70,"column":40649}},"24":{"start":{"line":70,"column":40768},"end":{"line":70,"column":40774}},"25":{"start":{"line":70,"column":40918},"end":{"line":70,"column":40924}}},"fnMap":{"0":{"name":"useFetchRepositories","decl":{"start":{"line":10,"column":24},"end":{"line":10,"column":44}},"loc":{"start":{"line":12,"column":55},"end":{"line":63,"column":1}},"line":12},"1":{"name":"(anonymous_1)","decl":{"start":{"line":13,"column":14},"end":{"line":13,"column":15}},"loc":{"start":{"line":13,"column":20},"end":{"line":62,"column":7}},"line":13},"2":{"name":"get","decl":{"start":{"line":14,"column":23},"end":{"line":14,"column":26}},"loc":{"start":{"line":14,"column":29},"end":{"line":60,"column":9}},"line":14},"3":{"name":"(anonymous_3)","decl":{"start":{"line":30,"column":18},"end":{"line":30,"column":19}},"loc":{"start":{"line":35,"column":45},"end":{"line":40,"column":19}},"line":35},"4":{"name":"oo_cm","decl":{"start":{"line":70,"column":77},"end":{"line":70,"column":82}},"loc":{"start":{"line":70,"column":84},"end":{"line":70,"column":40287}},"line":70}},"branchMap":{"0":{"loc":{"start":{"line":22,"column":12},"end":{"line":53,"column":13}},"type":"if","locations":[{"start":{"line":22,"column":12},"end":{"line":53,"column":13}},{"start":{},"end":{}}],"line":22},"1":{"loc":{"start":{"line":23,"column":14},"end":{"line":52,"column":15}},"type":"if","locations":[{"start":{"line":23,"column":14},"end":{"line":52,"column":15}},{"start":{"line":45,"column":21},"end":{"line":52,"column":15}}],"line":23},"2":{"loc":{"start":{"line":24,"column":16},"end":{"line":27,"column":46}},"type":"binary-expr","locations":[{"start":{"line":24,"column":16},"end":{"line":24,"column":24}},{"start":{"line":25,"column":16},"end":{"line":25,"column":29}},{"start":{"line":26,"column":16},"end":{"line":26,"column":35}},{"start":{"line":27,"column":16},"end":{"line":27,"column":46}}],"line":24},"3":{"loc":{"start":{"line":70,"column":96},"end":{"line":70,"column":40274}},"type":"binary-expr","locations":[{"start":{"line":70,"column":96},"end":{"line":70,"column":133}},{"start":{"line":70,"column":137},"end":{"line":70,"column":40274}}],"line":70}},"s":{"0":3,"1":1,"2":1,"3":1,"4":1,"5":0,"6":0,"7":0,"8":0,"9":0,"10":0,"11":0,"12":0,"13":0,"14":0,"15":0,"16":0,"17":0,"18":1,"19":0,"20":0,"21":1,"22":1,"23":1,"24":1,"25":1},"f":{"0":3,"1":1,"2":1,"3":0,"4":0},"b":{"0":[0,0],"1":[0,0],"2":[0,0,0,0],"3":[0,0]},"_coverageSchema":"1a1c01bbd47fc00a2c39e90264f33305004495a9","hash":"eb9af644e2ef0920bc00f7a0324130d1cecce22d"}
,"C:\\Users\\magal\\Desktop\\PROJETOS\\DESAFIO\\teste e documentacao\\desafio\\src\\Hook\\useFetchRepository.tsx": {"path":"C:\\Users\\magal\\Desktop\\PROJETOS\\DESAFIO\\teste e documentacao\\desafio\\src\\Hook\\useFetchRepository.tsx","statementMap":{"0":{"start":{"line":10,"column":34},"end":{"line":50,"column":1}},"1":{"start":{"line":11,"column":19},"end":{"line":11,"column":32}},"2":{"start":{"line":12,"column":15},"end":{"line":12,"column":76}},"3":{"start":{"line":12,"column":49},"end":{"line":12,"column":75}},"4":{"start":{"line":13,"column":16},"end":{"line":13,"column":71}},"5":{"start":{"line":13,"column":50},"end":{"line":13,"column":70}},"6":{"start":{"line":14,"column":19},"end":{"line":14,"column":32}},"7":{"start":{"line":15,"column":2},"end":{"line":49,"column":40}},"8":{"start":{"line":17,"column":6},"end":{"line":17,"column":33}},"9":{"start":{"line":18,"column":6},"end":{"line":18,"column":29}},"10":{"start":{"line":19,"column":6},"end":{"line":45,"column":7}},"11":{"start":{"line":20,"column":25},"end":{"line":20,"column":69}},"12":{"start":{"line":21,"column":28},"end":{"line":21,"column":91}},"13":{"start":{"line":22,"column":8},"end":{"line":40,"column":9}},"14":{"start":{"line":23,"column":29},"end":{"line":35,"column":11}},"15":{"start":{"line":36,"column":10},"end":{"line":36,"column":55}},"16":{"start":{"line":38,"column":10},"end":{"line":38,"column":91}},"17":{"start":{"line":39,"column":10},"end":{"line":39,"column":29}},"18":{"start":{"line":42,"column":28},"end":{"line":42,"column":83}},"19":{"start":{"line":43,"column":8},"end":{"line":43,"column":89}},"20":{"start":{"line":44,"column":8},"end":{"line":44,"column":27}},"21":{"start":{"line":46,"column":6},"end":{"line":46,"column":34}},"22":{"start":{"line":48,"column":4},"end":{"line":48,"column":10}},"23":{"start":{"line":57,"column":85},"end":{"line":57,"column":40286}},"24":{"start":{"line":57,"column":89},"end":{"line":57,"column":40275}},"25":{"start":{"line":57,"column":40401},"end":{"line":57,"column":40407}},"26":{"start":{"line":57,"column":40522},"end":{"line":57,"column":40528}},"27":{"start":{"line":57,"column":40643},"end":{"line":57,"column":40649}},"28":{"start":{"line":57,"column":40768},"end":{"line":57,"column":40774}},"29":{"start":{"line":57,"column":40918},"end":{"line":57,"column":40924}}},"fnMap":{"0":{"name":"(anonymous_0)","decl":{"start":{"line":10,"column":34},"end":{"line":10,"column":35}},"loc":{"start":{"line":10,"column":40},"end":{"line":50,"column":1}},"line":10},"1":{"name":"(anonymous_1)","decl":{"start":{"line":12,"column":27},"end":{"line":12,"column":28}},"loc":{"start":{"line":12,"column":49},"end":{"line":12,"column":75}},"line":12},"2":{"name":"(anonymous_2)","decl":{"start":{"line":13,"column":28},"end":{"line":13,"column":29}},"loc":{"start":{"line":13,"column":50},"end":{"line":13,"column":70}},"line":13},"3":{"name":"(anonymous_3)","decl":{"start":{"line":15,"column":12},"end":{"line":15,"column":13}},"loc":{"start":{"line":15,"column":18},"end":{"line":49,"column":3}},"line":15},"4":{"name":"get","decl":{"start":{"line":16,"column":19},"end":{"line":16,"column":22}},"loc":{"start":{"line":16,"column":25},"end":{"line":47,"column":5}},"line":16},"5":{"name":"oo_cm","decl":{"start":{"line":57,"column":77},"end":{"line":57,"column":82}},"loc":{"start":{"line":57,"column":84},"end":{"line":57,"column":40287}},"line":57}},"branchMap":{"0":{"loc":{"start":{"line":22,"column":8},"end":{"line":40,"column":9}},"type":"if","locations":[{"start":{"line":22,"column":8},"end":{"line":40,"column":9}},{"start":{"line":37,"column":15},"end":{"line":40,"column":9}}],"line":22},"1":{"loc":{"start":{"line":26,"column":27},"end":{"line":28,"column":20}},"type":"cond-expr","locations":[{"start":{"line":27,"column":18},"end":{"line":27,"column":43}},{"start":{"line":28,"column":18},"end":{"line":28,"column":20}}],"line":26},"2":{"loc":{"start":{"line":29,"column":32},"end":{"line":31,"column":19}},"type":"cond-expr","locations":[{"start":{"line":30,"column":18},"end":{"line":30,"column":48}},{"start":{"line":31,"column":18},"end":{"line":31,"column":19}}],"line":29},"3":{"loc":{"start":{"line":32,"column":24},"end":{"line":32,"column":76}},"type":"cond-expr","locations":[{"start":{"line":32,"column":49},"end":{"line":32,"column":71}},{"start":{"line":32,"column":74},"end":{"line":32,"column":76}}],"line":32},"4":{"loc":{"start":{"line":33,"column":24},"end":{"line":33,"column":76}},"type":"cond-expr","locations":[{"start":{"line":33,"column":49},"end":{"line":33,"column":71}},{"start":{"line":33,"column":74},"end":{"line":33,"column":76}}],"line":33},"5":{"loc":{"start":{"line":57,"column":96},"end":{"line":57,"column":40274}},"type":"binary-expr","locations":[{"start":{"line":57,"column":96},"end":{"line":57,"column":133}},{"start":{"line":57,"column":137},"end":{"line":57,"column":40274}}],"line":57}},"s":{"0":1,"1":3,"2":3,"3":9,"4":3,"5":9,"6":3,"7":3,"8":1,"9":1,"10":1,"11":1,"12":0,"13":0,"14":0,"15":0,"16":0,"17":0,"18":0,"19":0,"20":0,"21":0,"22":1,"23":0,"24":0,"25":1,"26":1,"27":1,"28":1,"29":1},"f":{"0":3,"1":9,"2":9,"3":1,"4":1,"5":0},"b":{"0":[0,0],"1":[0,0],"2":[0,0],"3":[0,0],"4":[0,0],"5":[0,0]},"_coverageSchema":"1a1c01bbd47fc00a2c39e90264f33305004495a9","hash":"24b3af2838305931634412cd9d4a896574077b88"}
,"C:\\Users\\magal\\Desktop\\PROJETOS\\DESAFIO\\teste e documentacao\\desafio\\src\\Hook\\useFetchUser.tsx": {"path":"C:\\Users\\magal\\Desktop\\PROJETOS\\DESAFIO\\teste e documentacao\\desafio\\src\\Hook\\useFetchUser.tsx","statementMap":{"0":{"start":{"line":12,"column":28},"end":{"line":59,"column":1}},"1":{"start":{"line":13,"column":19},"end":{"line":13,"column":32}},"2":{"start":{"line":14,"column":15},"end":{"line":14,"column":65}},"3":{"start":{"line":14,"column":49},"end":{"line":14,"column":64}},"4":{"start":{"line":15,"column":19},"end":{"line":15,"column":32}},"5":{"start":{"line":16,"column":2},"end":{"line":58,"column":43}},"6":{"start":{"line":18,"column":6},"end":{"line":18,"column":33}},"7":{"start":{"line":19,"column":6},"end":{"line":19,"column":28}},"8":{"start":{"line":20,"column":6},"end":{"line":20,"column":23}},"9":{"start":{"line":20,"column":16},"end":{"line":20,"column":23}},"10":{"start":{"line":21,"column":6},"end":{"line":55,"column":7}},"11":{"start":{"line":22,"column":25},"end":{"line":22,"column":64}},"12":{"start":{"line":24,"column":8},"end":{"line":49,"column":9}},"13":{"start":{"line":26,"column":33},"end":{"line":37,"column":11}},"14":{"start":{"line":38,"column":10},"end":{"line":38,"column":42}},"15":{"start":{"line":39,"column":10},"end":{"line":39,"column":34}},"16":{"start":{"line":41,"column":30},"end":{"line":44,"column":12}},"17":{"start":{"line":45,"column":30},"end":{"line":45,"column":87}},"18":{"start":{"line":46,"column":10},"end":{"line":46,"column":55}},"19":{"start":{"line":47,"column":10},"end":{"line":47,"column":28}},"20":{"start":{"line":50,"column":8},"end":{"line":50,"column":36}},"21":{"start":{"line":52,"column":28},"end":{"line":52,"column":80}},"22":{"start":{"line":53,"column":8},"end":{"line":53,"column":53}},"23":{"start":{"line":54,"column":8},"end":{"line":54,"column":26}},"24":{"start":{"line":57,"column":4},"end":{"line":57,"column":10}},"25":{"start":{"line":66,"column":85},"end":{"line":66,"column":40286}},"26":{"start":{"line":66,"column":89},"end":{"line":66,"column":40275}},"27":{"start":{"line":66,"column":40401},"end":{"line":66,"column":40407}},"28":{"start":{"line":66,"column":40522},"end":{"line":66,"column":40528}},"29":{"start":{"line":66,"column":40643},"end":{"line":66,"column":40649}},"30":{"start":{"line":66,"column":40768},"end":{"line":66,"column":40774}},"31":{"start":{"line":66,"column":40918},"end":{"line":66,"column":40924}}},"fnMap":{"0":{"name":"(anonymous_0)","decl":{"start":{"line":12,"column":28},"end":{"line":12,"column":29}},"loc":{"start":{"line":12,"column":50},"end":{"line":59,"column":1}},"line":12},"1":{"name":"(anonymous_1)","decl":{"start":{"line":14,"column":27},"end":{"line":14,"column":28}},"loc":{"start":{"line":14,"column":49},"end":{"line":14,"column":64}},"line":14},"2":{"name":"(anonymous_2)","decl":{"start":{"line":16,"column":12},"end":{"line":16,"column":13}},"loc":{"start":{"line":16,"column":18},"end":{"line":58,"column":3}},"line":16},"3":{"name":"get","decl":{"start":{"line":17,"column":19},"end":{"line":17,"column":22}},"loc":{"start":{"line":17,"column":25},"end":{"line":56,"column":5}},"line":17},"4":{"name":"oo_cm","decl":{"start":{"line":66,"column":77},"end":{"line":66,"column":82}},"loc":{"start":{"line":66,"column":84},"end":{"line":66,"column":40287}},"line":66}},"branchMap":{"0":{"loc":{"start":{"line":20,"column":6},"end":{"line":20,"column":23}},"type":"if","locations":[{"start":{"line":20,"column":6},"end":{"line":20,"column":23}},{"start":{},"end":{}}],"line":20},"1":{"loc":{"start":{"line":24,"column":8},"end":{"line":49,"column":9}},"type":"if","locations":[{"start":{"line":24,"column":8},"end":{"line":49,"column":9}},{"start":{"line":40,"column":15},"end":{"line":49,"column":9}}],"line":24},"2":{"loc":{"start":{"line":28,"column":20},"end":{"line":28,"column":66}},"type":"cond-expr","locations":[{"start":{"line":28,"column":42},"end":{"line":28,"column":61}},{"start":{"line":28,"column":64},"end":{"line":28,"column":66}}],"line":28},"3":{"loc":{"start":{"line":29,"column":26},"end":{"line":31,"column":20}},"type":"cond-expr","locations":[{"start":{"line":30,"column":18},"end":{"line":30,"column":42}},{"start":{"line":31,"column":18},"end":{"line":31,"column":20}}],"line":29},"4":{"loc":{"start":{"line":32,"column":19},"end":{"line":32,"column":61}},"type":"cond-expr","locations":[{"start":{"line":32,"column":39},"end":{"line":32,"column":56}},{"start":{"line":32,"column":59},"end":{"line":32,"column":61}}],"line":32},"5":{"loc":{"start":{"line":33,"column":25},"end":{"line":33,"column":78}},"type":"cond-expr","locations":[{"start":{"line":33,"column":51},"end":{"line":33,"column":74}},{"start":{"line":33,"column":77},"end":{"line":33,"column":78}}],"line":33},"6":{"loc":{"start":{"line":34,"column":25},"end":{"line":34,"column":78}},"type":"cond-expr","locations":[{"start":{"line":34,"column":51},"end":{"line":34,"column":74}},{"start":{"line":34,"column":77},"end":{"line":34,"column":78}}],"line":34},"7":{"loc":{"start":{"line":35,"column":21},"end":{"line":35,"column":67}},"type":"cond-expr","locations":[{"start":{"line":35,"column":43},"end":{"line":35,"column":62}},{"start":{"line":35,"column":65},"end":{"line":35,"column":67}}],"line":35},"8":{"loc":{"start":{"line":66,"column":96},"end":{"line":66,"column":40274}},"type":"binary-expr","locations":[{"start":{"line":66,"column":96},"end":{"line":66,"column":133}},{"start":{"line":66,"column":137},"end":{"line":66,"column":40274}}],"line":66}},"s":{"0":1,"1":3,"2":3,"3":10,"4":3,"5":3,"6":1,"7":1,"8":1,"9":0,"10":1,"11":1,"12":0,"13":0,"14":0,"15":0,"16":0,"17":0,"18":0,"19":0,"20":0,"21":0,"22":0,"23":0,"24":1,"25":0,"26":0,"27":1,"28":1,"29":1,"30":1,"31":1},"f":{"0":3,"1":10,"2":1,"3":1,"4":0},"b":{"0":[0,1],"1":[0,0],"2":[0,0],"3":[0,0],"4":[0,0],"5":[0,0],"6":[0,0],"7":[0,0],"8":[0,0]},"_coverageSchema":"1a1c01bbd47fc00a2c39e90264f33305004495a9","hash":"67e437c65adcb6306a7fcac254bdcf995b7ef32d"}
,"C:\\Users\\magal\\Desktop\\PROJETOS\\DESAFIO\\teste e documentacao\\desafio\\src\\Pages\\ErrorPage.tsx": {"path":"C:\\Users\\magal\\Desktop\\PROJETOS\\DESAFIO\\teste e documentacao\\desafio\\src\\Pages\\ErrorPage.tsx","statementMap":{"0":{"start":{"line":11,"column":19},"end":{"line":11,"column":32}},"1":{"start":{"line":12,"column":16},"end":{"line":12,"column":68}},"2":{"start":{"line":12,"column":50},"end":{"line":12,"column":67}},"3":{"start":{"line":14,"column":2},"end":{"line":18,"column":17}},"4":{"start":{"line":15,"column":4},"end":{"line":15,"column":38}},"5":{"start":{"line":16,"column":4},"end":{"line":16,"column":26}},"6":{"start":{"line":17,"column":4},"end":{"line":17,"column":32}},"7":{"start":{"line":20,"column":2},"end":{"line":42,"column":4}}},"fnMap":{"0":{"name":"ErrorPage","decl":{"start":{"line":10,"column":24},"end":{"line":10,"column":33}},"loc":{"start":{"line":10,"column":36},"end":{"line":43,"column":1}},"line":10},"1":{"name":"(anonymous_1)","decl":{"start":{"line":12,"column":28},"end":{"line":12,"column":29}},"loc":{"start":{"line":12,"column":50},"end":{"line":12,"column":67}},"line":12},"2":{"name":"(anonymous_2)","decl":{"start":{"line":14,"column":12},"end":{"line":14,"column":13}},"loc":{"start":{"line":14,"column":18},"end":{"line":18,"column":3}},"line":14}},"branchMap":{},"s":{"0":5,"1":5,"2":17,"3":5,"4":3,"5":3,"6":3,"7":5},"f":{"0":5,"1":17,"2":3},"b":{},"_coverageSchema":"1a1c01bbd47fc00a2c39e90264f33305004495a9","hash":"63e43fce729c2d7fefa1d13c2df663f3bc20b5c1"}
,"C:\\Users\\magal\\Desktop\\PROJETOS\\DESAFIO\\teste e documentacao\\desafio\\src\\Pages\\Home.tsx": {"path":"C:\\Users\\magal\\Desktop\\PROJETOS\\DESAFIO\\teste e documentacao\\desafio\\src\\Pages\\Home.tsx","statementMap":{"0":{"start":{"line":14,"column":19},"end":{"line":14,"column":74}},"1":{"start":{"line":14,"column":53},"end":{"line":14,"column":73}},"2":{"start":{"line":15,"column":19},"end":{"line":15,"column":32}},"3":{"start":{"line":16,"column":19},"end":{"line":16,"column":32}},"4":{"start":{"line":18,"column":23},"end":{"line":23,"column":3}},"5":{"start":{"line":19,"column":4},"end":{"line":19,"column":27}},"6":{"start":{"line":20,"column":4},"end":{"line":22,"column":5}},"7":{"start":{"line":21,"column":6},"end":{"line":21,"column":24}},"8":{"start":{"line":25,"column":2},"end":{"line":30,"column":17}},"9":{"start":{"line":26,"column":4},"end":{"line":26,"column":38}},"10":{"start":{"line":27,"column":4},"end":{"line":27,"column":27}},"11":{"start":{"line":28,"column":4},"end":{"line":28,"column":26}},"12":{"start":{"line":29,"column":4},"end":{"line":29,"column":32}},"13":{"start":{"line":32,"column":2},"end":{"line":59,"column":4}},"14":{"start":{"line":47,"column":29},"end":{"line":47,"column":66}}},"fnMap":{"0":{"name":"Home","decl":{"start":{"line":13,"column":24},"end":{"line":13,"column":28}},"loc":{"start":{"line":13,"column":31},"end":{"line":60,"column":1}},"line":13},"1":{"name":"(anonymous_1)","decl":{"start":{"line":14,"column":31},"end":{"line":14,"column":32}},"loc":{"start":{"line":14,"column":53},"end":{"line":14,"column":73}},"line":14},"2":{"name":"(anonymous_2)","decl":{"start":{"line":18,"column":23},"end":{"line":18,"column":24}},"loc":{"start":{"line":18,"column":62},"end":{"line":23,"column":3}},"line":18},"3":{"name":"(anonymous_3)","decl":{"start":{"line":25,"column":12},"end":{"line":25,"column":13}},"loc":{"start":{"line":25,"column":18},"end":{"line":30,"column":3}},"line":25},"4":{"name":"(anonymous_4)","decl":{"start":{"line":47,"column":22},"end":{"line":47,"column":23}},"loc":{"start":{"line":47,"column":29},"end":{"line":47,"column":66}},"line":47}},"branchMap":{"0":{"loc":{"start":{"line":20,"column":4},"end":{"line":22,"column":5}},"type":"if","locations":[{"start":{"line":20,"column":4},"end":{"line":22,"column":5}},{"start":{},"end":{}}],"line":20},"1":{"loc":{"start":{"line":45,"column":19},"end":{"line":45,"column":33}},"type":"binary-expr","locations":[{"start":{"line":45,"column":19},"end":{"line":45,"column":27}},{"start":{"line":45,"column":31},"end":{"line":45,"column":33}}],"line":45}},"s":{"0":1,"1":5,"2":1,"3":1,"4":1,"5":0,"6":0,"7":0,"8":1,"9":1,"10":1,"11":1,"12":1,"13":1,"14":0},"f":{"0":1,"1":5,"2":0,"3":1,"4":0},"b":{"0":[0,0],"1":[1,1]},"_coverageSchema":"1a1c01bbd47fc00a2c39e90264f33305004495a9","hash":"ca1949989d347962ce2296da471e14d6a5412f1e"}
,"C:\\Users\\magal\\Desktop\\PROJETOS\\DESAFIO\\teste e documentacao\\desafio\\src\\Pages\\NotFoundPage.tsx": {"path":"C:\\Users\\magal\\Desktop\\PROJETOS\\DESAFIO\\teste e documentacao\\desafio\\src\\Pages\\NotFoundPage.tsx","statementMap":{"0":{"start":{"line":10,"column":19},"end":{"line":10,"column":32}},"1":{"start":{"line":12,"column":2},"end":{"line":17,"column":17}},"2":{"start":{"line":13,"column":4},"end":{"line":13,"column":38}},"3":{"start":{"line":14,"column":4},"end":{"line":14,"column":27}},"4":{"start":{"line":15,"column":4},"end":{"line":15,"column":26}},"5":{"start":{"line":16,"column":4},"end":{"line":16,"column":32}},"6":{"start":{"line":19,"column":2},"end":{"line":34,"column":4}}},"fnMap":{"0":{"name":"NotFoundPage","decl":{"start":{"line":9,"column":24},"end":{"line":9,"column":36}},"loc":{"start":{"line":9,"column":39},"end":{"line":35,"column":1}},"line":9},"1":{"name":"(anonymous_1)","decl":{"start":{"line":12,"column":12},"end":{"line":12,"column":13}},"loc":{"start":{"line":12,"column":18},"end":{"line":17,"column":3}},"line":12}},"branchMap":{},"s":{"0":1,"1":1,"2":1,"3":1,"4":1,"5":1,"6":1},"f":{"0":1,"1":1},"b":{},"_coverageSchema":"1a1c01bbd47fc00a2c39e90264f33305004495a9","hash":"d60c6958af8e2cf8b74896b9b49759c60db066c2"}
,"C:\\Users\\magal\\Desktop\\PROJETOS\\DESAFIO\\teste e documentacao\\desafio\\src\\Pages\\Repository.tsx": {"path":"C:\\Users\\magal\\Desktop\\PROJETOS\\DESAFIO\\teste e documentacao\\desafio\\src\\Pages\\Repository.tsx","statementMap":{"0":{"start":{"line":10,"column":2},"end":{"line":10,"column":23}},"1":{"start":{"line":11,"column":18},"end":{"line":11,"column":72}},"2":{"start":{"line":11,"column":52},"end":{"line":11,"column":71}},"3":{"start":{"line":12,"column":21},"end":{"line":12,"column":77}},"4":{"start":{"line":12,"column":55},"end":{"line":12,"column":76}},"5":{"start":{"line":13,"column":2},"end":{"line":79,"column":3}},"6":{"start":{"line":14,"column":4},"end":{"line":66,"column":6}},"7":{"start":{"line":67,"column":9},"end":{"line":79,"column":3}},"8":{"start":{"line":68,"column":3},"end":{"line":72,"column":4}},"9":{"start":{"line":74,"column":4},"end":{"line":78,"column":6}}},"fnMap":{"0":{"name":"Repository","decl":{"start":{"line":9,"column":24},"end":{"line":9,"column":34}},"loc":{"start":{"line":9,"column":37},"end":{"line":80,"column":1}},"line":9},"1":{"name":"(anonymous_1)","decl":{"start":{"line":11,"column":30},"end":{"line":11,"column":31}},"loc":{"start":{"line":11,"column":52},"end":{"line":11,"column":71}},"line":11},"2":{"name":"(anonymous_2)","decl":{"start":{"line":12,"column":33},"end":{"line":12,"column":34}},"loc":{"start":{"line":12,"column":55},"end":{"line":12,"column":76}},"line":12}},"branchMap":{"0":{"loc":{"start":{"line":13,"column":2},"end":{"line":79,"column":3}},"type":"if","locations":[{"start":{"line":13,"column":2},"end":{"line":79,"column":3}},{"start":{"line":67,"column":9},"end":{"line":79,"column":3}}],"line":13},"1":{"loc":{"start":{"line":21,"column":16},"end":{"line":21,"column":73}},"type":"cond-expr","locations":[{"start":{"line":21,"column":34},"end":{"line":21,"column":49}},{"start":{"line":21,"column":52},"end":{"line":21,"column":73}}],"line":21},"2":{"loc":{"start":{"line":28,"column":16},"end":{"line":30,"column":45}},"type":"cond-expr","locations":[{"start":{"line":29,"column":20},"end":{"line":29,"column":42}},{"start":{"line":30,"column":20},"end":{"line":30,"column":45}}],"line":28},"3":{"loc":{"start":{"line":43,"column":16},"end":{"line":45,"column":56}},"type":"cond-expr","locations":[{"start":{"line":44,"column":20},"end":{"line":44,"column":39}},{"start":{"line":45,"column":20},"end":{"line":45,"column":56}}],"line":43},"4":{"loc":{"start":{"line":67,"column":9},"end":{"line":79,"column":3}},"type":"if","locations":[{"start":{"line":67,"column":9},"end":{"line":79,"column":3}},{"start":{"line":73,"column":9},"end":{"line":79,"column":3}}],"line":67}},"s":{"0":3,"1":3,"2":9,"3":3,"4":9,"5":3,"6":1,"7":2,"8":2,"9":0},"f":{"0":3,"1":9,"2":9},"b":{"0":[1,2],"1":[0,1],"2":[0,1],"3":[0,1],"4":[2,0]},"_coverageSchema":"1a1c01bbd47fc00a2c39e90264f33305004495a9","hash":"258d5ec0130dc71e2b394ee52e8d1431170be93f"}
,"C:\\Users\\magal\\Desktop\\PROJETOS\\DESAFIO\\teste e documentacao\\desafio\\src\\Pages\\User.tsx": {"path":"C:\\Users\\magal\\Desktop\\PROJETOS\\DESAFIO\\teste e documentacao\\desafio\\src\\Pages\\User.tsx","statementMap":{"0":{"start":{"line":17,"column":19},"end":{"line":17,"column":32}},"1":{"start":{"line":18,"column":15},"end":{"line":18,"column":60}},"2":{"start":{"line":18,"column":49},"end":{"line":18,"column":59}},"3":{"start":{"line":19,"column":23},"end":{"line":19,"column":81}},"4":{"start":{"line":19,"column":57},"end":{"line":19,"column":80}},"5":{"start":{"line":20,"column":15},"end":{"line":20,"column":73}},"6":{"start":{"line":20,"column":49},"end":{"line":20,"column":72}},"7":{"start":{"line":21,"column":16},"end":{"line":21,"column":75}},"8":{"start":{"line":21,"column":50},"end":{"line":21,"column":74}},"9":{"start":{"line":22,"column":18},"end":{"line":22,"column":72}},"10":{"start":{"line":22,"column":52},"end":{"line":22,"column":71}},"11":{"start":{"line":23,"column":15},"end":{"line":23,"column":74}},"12":{"start":{"line":23,"column":49},"end":{"line":23,"column":73}},"13":{"start":{"line":24,"column":19},"end":{"line":24,"column":32}},"14":{"start":{"line":25,"column":2},"end":{"line":25,"column":31}},"15":{"start":{"line":27,"column":2},"end":{"line":29,"column":17}},"16":{"start":{"line":28,"column":4},"end":{"line":28,"column":32}},"17":{"start":{"line":31,"column":2},"end":{"line":31,"column":78}},"18":{"start":{"line":33,"column":2},"end":{"line":191,"column":3}},"19":{"start":{"line":34,"column":4},"end":{"line":182,"column":6}},"20":{"start":{"line":143,"column":22},"end":{"line":169,"column":27}},"21":{"start":{"line":146,"column":26},"end":{"line":146,"column":55}},"22":{"start":{"line":147,"column":26},"end":{"line":147,"column":50}},"23":{"start":{"line":183,"column":9},"end":{"line":191,"column":3}},"24":{"start":{"line":184,"column":4},"end":{"line":186,"column":10}},"25":{"start":{"line":188,"column":4},"end":{"line":190,"column":5}}},"fnMap":{"0":{"name":"Home","decl":{"start":{"line":16,"column":24},"end":{"line":16,"column":28}},"loc":{"start":{"line":16,"column":31},"end":{"line":192,"column":1}},"line":16},"1":{"name":"(anonymous_1)","decl":{"start":{"line":18,"column":27},"end":{"line":18,"column":28}},"loc":{"start":{"line":18,"column":49},"end":{"line":18,"column":59}},"line":18},"2":{"name":"(anonymous_2)","decl":{"start":{"line":19,"column":35},"end":{"line":19,"column":36}},"loc":{"start":{"line":19,"column":57},"end":{"line":19,"column":80}},"line":19},"3":{"name":"(anonymous_3)","decl":{"start":{"line":20,"column":27},"end":{"line":20,"column":28}},"loc":{"start":{"line":20,"column":49},"end":{"line":20,"column":72}},"line":20},"4":{"name":"(anonymous_4)","decl":{"start":{"line":21,"column":28},"end":{"line":21,"column":29}},"loc":{"start":{"line":21,"column":50},"end":{"line":21,"column":74}},"line":21},"5":{"name":"(anonymous_5)","decl":{"start":{"line":22,"column":30},"end":{"line":22,"column":31}},"loc":{"start":{"line":22,"column":52},"end":{"line":22,"column":71}},"line":22},"6":{"name":"(anonymous_6)","decl":{"start":{"line":23,"column":27},"end":{"line":23,"column":28}},"loc":{"start":{"line":23,"column":49},"end":{"line":23,"column":73}},"line":23},"7":{"name":"(anonymous_7)","decl":{"start":{"line":27,"column":12},"end":{"line":27,"column":13}},"loc":{"start":{"line":27,"column":18},"end":{"line":29,"column":3}},"line":27},"8":{"name":"(anonymous_8)","decl":{"start":{"line":142,"column":37},"end":{"line":142,"column":38}},"loc":{"start":{"line":143,"column":22},"end":{"line":169,"column":27}},"line":143},"9":{"name":"(anonymous_9)","decl":{"start":{"line":145,"column":33},"end":{"line":145,"column":34}},"loc":{"start":{"line":145,"column":39},"end":{"line":148,"column":25}},"line":145}},"branchMap":{"0":{"loc":{"start":{"line":33,"column":2},"end":{"line":191,"column":3}},"type":"if","locations":[{"start":{"line":33,"column":2},"end":{"line":191,"column":3}},{"start":{"line":183,"column":9},"end":{"line":191,"column":3}}],"line":33},"1":{"loc":{"start":{"line":39,"column":15},"end":{"line":49,"column":15}},"type":"cond-expr","locations":[{"start":{"line":40,"column":16},"end":{"line":44,"column":18}},{"start":{"line":46,"column":16},"end":{"line":48,"column":20}}],"line":39},"2":{"loc":{"start":{"line":62,"column":18},"end":{"line":62,"column":76}},"type":"cond-expr","locations":[{"start":{"line":62,"column":36},"end":{"line":62,"column":51}},{"start":{"line":62,"column":54},"end":{"line":62,"column":76}}],"line":62},"3":{"loc":{"start":{"line":69,"column":18},"end":{"line":69,"column":69}},"type":"cond-expr","locations":[{"start":{"line":69,"column":34},"end":{"line":69,"column":47}},{"start":{"line":69,"column":50},"end":{"line":69,"column":69}}],"line":69},"4":{"loc":{"start":{"line":141,"column":19},"end":{"line":173,"column":19}},"type":"cond-expr","locations":[{"start":{"line":142,"column":20},"end":{"line":170,"column":22}},{"start":{"line":172,"column":20},"end":{"line":172,"column":85}}],"line":141},"5":{"loc":{"start":{"line":160,"column":27},"end":{"line":160,"column":162}},"type":"cond-expr","locations":[{"start":{"line":160,"column":70},"end":{"line":160,"column":124}},{"start":{"line":160,"column":127},"end":{"line":160,"column":162}}],"line":160},"6":{"loc":{"start":{"line":161,"column":27},"end":{"line":166,"column":70}},"type":"cond-expr","locations":[{"start":{"line":162,"column":30},"end":{"line":165,"column":42}},{"start":{"line":166,"column":30},"end":{"line":166,"column":70}}],"line":161},"7":{"loc":{"start":{"line":183,"column":9},"end":{"line":191,"column":3}},"type":"if","locations":[{"start":{"line":183,"column":9},"end":{"line":191,"column":3}},{"start":{"line":187,"column":9},"end":{"line":191,"column":3}}],"line":183}},"s":{"0":3,"1":3,"2":10,"3":3,"4":10,"5":3,"6":10,"7":3,"8":10,"9":3,"10":10,"11":3,"12":10,"13":3,"14":3,"15":3,"16":1,"17":3,"18":3,"19":1,"20":0,"21":0,"22":0,"23":2,"24":2,"25":0},"f":{"0":3,"1":10,"2":10,"3":10,"4":10,"5":10,"6":10,"7":1,"8":0,"9":0},"b":{"0":[1,2],"1":[0,1],"2":[0,1],"3":[0,1],"4":[1,0],"5":[0,0],"6":[0,0],"7":[2,0]},"_coverageSchema":"1a1c01bbd47fc00a2c39e90264f33305004495a9","hash":"f74d20ddb36769a3aee47cb144bc77114e6f0886"}
}
