TN:
SF:src\App.tsx
FN:10,App
FNF:1
FNH:0
FNDA:0,App
DA:11,0
LF:1
LH:0
BRF:0
BRH:0
end_of_record
TN:
SF:src\main.tsx
FNF:0
FNH:0
DA:9,0
LF:1
LH:0
BRF:0
BRH:0
end_of_record
TN:
SF:src\Components\BackButton\BackButton.tsx
FN:3,BackButton
FN:10,(anonymous_1)
FNF:2
FNH:1
FNDA:4,BackButton
FNDA:0,(anonymous_1)
DA:4,4
DA:6,4
DA:11,0
LF:3
LH:2
BRDA:3,0,0,0
BRF:1
BRH:0
end_of_record
TN:
SF:src\Components\ChangeOrderAndSortButton\ChangeOrderAndSortButton.tsx
FN:4,ChangeOrderAndSortButton
FN:19,(anonymous_1)
FNF:2
FNH:1
FNDA:7,ChangeOrderAndSortButton
FNDA:0,(anonymous_1)
DA:13,7
DA:15,7
DA:20,0
DA:21,0
LF:4
LH:2
BRF:0
BRH:0
end_of_record
TN:
SF:src\Components\FieldInformation\FieldInformation.tsx
FN:1,FieldInformation
FNF:1
FNH:1
FNDA:10,FieldInformation
DA:2,10
LF:1
LH:1
BRF:0
BRH:0
end_of_record
TN:
SF:src\Components\Loading\Loading.tsx
FN:4,Loading
FN:16,(anonymous_1)
FNF:2
FNH:1
FNDA:1,Loading
FNDA:0,(anonymous_1)
DA:5,1
DA:6,1
DA:16,0
LF:3
LH:2
BRF:0
BRH:0
end_of_record
TN:
SF:src\Components\Navbar\Navbar.tsx
FN:3,NavBar
FNF:1
FNH:1
FNDA:11,NavBar
DA:7,11
LF:1
LH:1
BRF:0
BRH:0
end_of_record
TN:
SF:src\Hook\useFetchRepositories.tsx
FN:10,useFetchRepositories
FN:13,(anonymous_1)
FN:14,get
FN:30,(anonymous_3)
FNF:4
FNH:3
FNDA:3,useFetchRepositories
FNDA:1,(anonymous_1)
FNDA:1,get
FNDA:0,(anonymous_3)
DA:13,3
DA:15,1
DA:16,1
DA:17,1
DA:18,1
DA:22,0
DA:23,0
DA:29,0
DA:35,0
DA:43,0
DA:44,0
DA:46,0
DA:50,0
DA:51,0
DA:54,0
DA:56,0
DA:57,0
DA:58,0
DA:61,1
LF:19
LH:6
BRDA:22,0,0,0
BRDA:22,0,1,0
BRDA:23,1,0,0
BRDA:23,1,1,0
BRDA:24,2,0,0
BRDA:24,2,1,0
BRDA:24,2,2,0
BRDA:24,2,3,0
BRF:8
BRH:0
end_of_record
TN:
SF:src\Hook\useFetchRepository.tsx
FN:10,(anonymous_0)
FN:12,(anonymous_1)
FN:13,(anonymous_2)
FN:15,(anonymous_3)
FN:16,get
FNF:5
FNH:5
FNDA:3,(anonymous_0)
FNDA:9,(anonymous_1)
FNDA:9,(anonymous_2)
FNDA:1,(anonymous_3)
FNDA:1,get
DA:10,1
DA:11,3
DA:12,9
DA:13,9
DA:14,3
DA:15,3
DA:17,1
DA:18,1
DA:19,1
DA:20,1
DA:21,0
DA:22,0
DA:23,0
DA:36,0
DA:38,0
DA:39,0
DA:42,0
DA:43,0
DA:44,0
DA:46,0
DA:48,1
LF:21
LH:11
BRDA:22,0,0,0
BRDA:22,0,1,0
BRDA:26,1,0,0
BRDA:26,1,1,0
BRDA:29,2,0,0
BRDA:29,2,1,0
BRDA:32,3,0,0
BRDA:32,3,1,0
BRDA:33,4,0,0
BRDA:33,4,1,0
BRF:10
BRH:0
end_of_record
TN:
SF:src\Hook\useFetchUser.tsx
FN:12,(anonymous_0)
FN:14,(anonymous_1)
FN:16,(anonymous_2)
FN:17,get
FNF:4
FNH:4
FNDA:3,(anonymous_0)
FNDA:10,(anonymous_1)
FNDA:1,(anonymous_2)
FNDA:1,get
DA:12,1
DA:13,3
DA:14,10
DA:15,3
DA:16,3
DA:18,1
DA:19,1
DA:20,1
DA:21,1
DA:22,1
DA:24,0
DA:26,0
DA:38,0
DA:39,0
DA:41,0
DA:45,0
DA:46,0
DA:47,0
DA:50,0
DA:52,0
DA:53,0
DA:54,0
DA:57,1
LF:23
LH:11
BRDA:20,0,0,0
BRDA:20,0,1,1
BRDA:24,1,0,0
BRDA:24,1,1,0
BRDA:28,2,0,0
BRDA:28,2,1,0
BRDA:29,3,0,0
BRDA:29,3,1,0
BRDA:32,4,0,0
BRDA:32,4,1,0
BRDA:33,5,0,0
BRDA:33,5,1,0
BRDA:34,6,0,0
BRDA:34,6,1,0
BRDA:35,7,0,0
BRDA:35,7,1,0
BRF:16
BRH:1
end_of_record
TN:
SF:src\Pages\ErrorPage.tsx
FN:10,ErrorPage
FN:13,(anonymous_1)
FN:15,(anonymous_2)
FN:39,(anonymous_3)
FNF:4
FNH:3
FNDA:5,ErrorPage
FNDA:17,(anonymous_1)
FNDA:3,(anonymous_2)
FNDA:0,(anonymous_3)
DA:11,5
DA:12,5
DA:13,17
DA:15,5
DA:16,3
DA:17,3
DA:18,3
DA:21,5
DA:39,0
LF:9
LH:8
BRF:0
BRH:0
end_of_record
TN:
SF:src\Pages\Home.tsx
FN:13,Home
FN:14,(anonymous_1)
FN:18,(anonymous_2)
FN:25,(anonymous_3)
FN:47,(anonymous_4)
FNF:5
FNH:3
FNDA:1,Home
FNDA:5,(anonymous_1)
FNDA:0,(anonymous_2)
FNDA:1,(anonymous_3)
FNDA:0,(anonymous_4)
DA:14,5
DA:15,1
DA:16,1
DA:18,1
DA:19,0
DA:20,0
DA:21,0
DA:25,1
DA:26,1
DA:27,1
DA:28,1
DA:29,1
DA:32,1
DA:47,0
LF:14
LH:10
BRDA:20,0,0,0
BRDA:20,0,1,0
BRDA:45,1,0,1
BRDA:45,1,1,1
BRF:4
BRH:2
end_of_record
TN:
SF:src\Pages\NotFoundPage.tsx
FN:9,NotFoundPage
FN:12,(anonymous_1)
FNF:2
FNH:2
FNDA:1,NotFoundPage
FNDA:1,(anonymous_1)
DA:10,1
DA:12,1
DA:13,1
DA:14,1
DA:15,1
DA:16,1
DA:19,1
LF:7
LH:7
BRF:0
BRH:0
end_of_record
TN:
SF:src\Pages\Repository.tsx
FN:10,Repository
FN:12,(anonymous_1)
FN:13,(anonymous_2)
FNF:3
FNH:3
FNDA:3,Repository
FNDA:9,(anonymous_1)
FNDA:9,(anonymous_2)
DA:11,3
DA:12,9
DA:13,9
DA:14,3
DA:15,3
DA:16,1
DA:69,2
DA:70,2
DA:76,0
LF:9
LH:8
BRDA:15,0,0,1
BRDA:15,0,1,2
BRDA:23,1,0,0
BRDA:23,1,1,1
BRDA:30,2,0,0
BRDA:30,2,1,1
BRDA:45,3,0,0
BRDA:45,3,1,1
BRDA:69,4,0,2
BRDA:69,4,1,0
BRF:10
BRH:6
end_of_record
TN:
SF:src\Pages\User.tsx
FN:16,Home
FN:18,(anonymous_1)
FN:19,(anonymous_2)
FN:20,(anonymous_3)
FN:21,(anonymous_4)
FN:22,(anonymous_5)
FN:23,(anonymous_6)
FN:24,(anonymous_7)
FN:28,(anonymous_8)
FN:34,(anonymous_9)
FN:40,(anonymous_10)
FN:154,(anonymous_11)
FN:157,(anonymous_12)
FNF:13
FNH:9
FNDA:3,Home
FNDA:10,(anonymous_1)
FNDA:10,(anonymous_2)
FNDA:10,(anonymous_3)
FNDA:10,(anonymous_4)
FNDA:10,(anonymous_5)
FNDA:10,(anonymous_6)
FNDA:10,(anonymous_7)
FNDA:1,(anonymous_8)
FNDA:0,(anonymous_9)
FNDA:0,(anonymous_10)
FNDA:0,(anonymous_11)
FNDA:0,(anonymous_12)
DA:17,3
DA:18,10
DA:19,10
DA:20,10
DA:21,10
DA:22,10
DA:23,10
DA:24,10
DA:25,3
DA:26,3
DA:28,3
DA:29,1
DA:32,3
DA:34,3
DA:35,0
DA:36,0
DA:40,3
DA:41,0
DA:42,0
DA:45,3
DA:46,1
DA:155,0
DA:158,0
DA:159,0
DA:213,2
DA:214,2
DA:218,0
LF:27
LH:19
BRDA:35,0,0,0
BRDA:35,0,1,0
BRDA:41,1,0,0
BRDA:41,1,1,0
BRDA:45,2,0,1
BRDA:45,2,1,2
BRDA:51,3,0,0
BRDA:51,3,1,1
BRDA:74,4,0,0
BRDA:74,4,1,1
BRDA:81,5,0,0
BRDA:81,5,1,1
BRDA:153,6,0,1
BRDA:153,6,1,0
BRDA:172,7,0,0
BRDA:172,7,1,0
BRDA:173,8,0,0
BRDA:173,8,1,0
BRDA:213,9,0,2
BRDA:213,9,1,0
BRF:20
BRH:7
end_of_record
